example/build/intermediates/manifest_merge_blame_file/release/manifest-merger-blame-release-report.txt
1<?xml version="1.0" encoding="utf-8"?>
2<manifest xmlns:android="http://schemas.android.com/apk/res/android"
3    package="si.kamino.gradle.version.example"
4    android:versionCode="1"
5    android:versionName="1" >
6
7    <uses-sdk
8        android:minSdkVersion="21"
8-->src/main/AndroidManifest.xml
9        android:targetSdkVersion="30" />
9-->src/main/AndroidManifest.xml
10
11    <application android:appComponentFactory="androidx.core.app.CoreComponentFactory" >
11-->src/main/AndroidManifest.xml:7:5-18:19
11-->[androidx.core:core:1.3.1] AndroidManifest.xml:24:18-86
12        <activity
12-->src/main/AndroidManifest.xml:8:9-17:20
13            android:name="si.kamino.gradle.version.example.MainActivity"
13-->src/main/AndroidManifest.xml:9:13-41
14            android:label="@string/title_activity_main"
14-->src/main/AndroidManifest.xml:10:13-56
15            android:theme="@style/Theme.MaterialComponents.NoActionBar" >
15-->src/main/AndroidManifest.xml:11:13-72
16            <intent-filter>
16-->src/main/AndroidManifest.xml:12:13-16:29
17                <action android:name="android.intent.action.MAIN" />
17-->src/main/AndroidManifest.xml:13:17-69
17-->src/main/AndroidManifest.xml:13:25-66
18
19                <category android:name="android.intent.category.LAUNCHER" />
19-->src/main/AndroidManifest.xml:15:17-77
19-->src/main/AndroidManifest.xml:15:27-74
20            </intent-filter>
21        </activity>
22    </application>
23
24</manifest>